execve("./hello", ["./hello"], 0x7ffd3825e0c8 /* 28 vars */) = 0 <0.000424>
arch_prctl(ARCH_SET_FS, 0x553990)       = 0 <0.000081>
sched_getaffinity(0, 8192, [0 1])       = 8 <0.000083>
openat(AT_FDCWD, "/sys/kernel/mm/transparent_hugepage/hpage_pmd_size", O_RDONLY) = 3 <0.000680>
read(3, "2097152\n", 20)                = 8 <0.000570>
close(3)                                = 0 <0.000162>
mmap(NULL, 262144, PROT_READ|PROT_WRITE, MAP_PRIVATE|MAP_ANONYMOUS, -1, 0) = 0x7c20bf582000 <0.000112>
mmap(NULL, 131072, PROT_NONE, MAP_PRIVATE|MAP_ANONYMOUS, -1, 0) = 0x7c20bf562000 <0.000084>
mmap(NULL, 1048576, PROT_NONE, MAP_PRIVATE|MAP_ANONYMOUS, -1, 0) = 0x7c20bf462000 <0.000102>
mmap(NULL, 8388608, PROT_NONE, MAP_PRIVATE|MAP_ANONYMOUS, -1, 0) = 0x7c20bec00000 <0.000088>
mmap(NULL, 67108864, PROT_NONE, MAP_PRIVATE|MAP_ANONYMOUS, -1, 0) = 0x7c20bac00000 <0.000082>
mmap(NULL, 536870912, PROT_NONE, MAP_PRIVATE|MAP_ANONYMOUS, -1, 0) = 0x7c209ac00000 <0.000082>
mmap(NULL, 536870912, PROT_NONE, MAP_PRIVATE|MAP_ANONYMOUS, -1, 0) = 0x7c207ac00000 <0.000082>
mmap(0xc000000000, 67108864, PROT_NONE, MAP_PRIVATE|MAP_ANONYMOUS, -1, 0) = 0xc000000000 <0.000085>
mmap(NULL, 33554432, PROT_READ|PROT_WRITE, MAP_PRIVATE|MAP_ANONYMOUS, -1, 0) = 0x7c2078c00000 <0.000083>
madvise(0x7c2078c00000, 33554432, MADV_NOHUGEPAGE) = 0 <0.000088>
mmap(NULL, 68624, PROT_READ|PROT_WRITE, MAP_PRIVATE|MAP_ANONYMOUS, -1, 0) = 0x7c20bf451000 <0.000150>
mmap(0xc000000000, 4194304, PROT_READ|PROT_WRITE, MAP_PRIVATE|MAP_FIXED|MAP_ANONYMOUS, -1, 0) = 0xc000000000 <0.000121>
mmap(0x7c20bf562000, 131072, PROT_READ|PROT_WRITE, MAP_PRIVATE|MAP_FIXED|MAP_ANONYMOUS, -1, 0) = 0x7c20bf562000 <0.000119>
mmap(0x7c20bf4e2000, 4096, PROT_READ|PROT_WRITE, MAP_PRIVATE|MAP_FIXED|MAP_ANONYMOUS, -1, 0) = 0x7c20bf4e2000 <0.000117>
mmap(0x7c20bf006000, 4096, PROT_READ|PROT_WRITE, MAP_PRIVATE|MAP_FIXED|MAP_ANONYMOUS, -1, 0) = 0x7c20bf006000 <0.000217>
mmap(0x7c20bcc30000, 4096, PROT_READ|PROT_WRITE, MAP_PRIVATE|MAP_FIXED|MAP_ANONYMOUS, -1, 0) = 0x7c20bcc30000 <0.000120>
mmap(0x7c20aad80000, 4096, PROT_READ|PROT_WRITE, MAP_PRIVATE|MAP_FIXED|MAP_ANONYMOUS, -1, 0) = 0x7c20aad80000 <0.000120>
mmap(0x7c208ad80000, 4096, PROT_READ|PROT_WRITE, MAP_PRIVATE|MAP_FIXED|MAP_ANONYMOUS, -1, 0) = 0x7c208ad80000 <0.000121>
mmap(NULL, 1048576, PROT_READ|PROT_WRITE, MAP_PRIVATE|MAP_ANONYMOUS, -1, 0) = 0x7c2078b00000 <0.000156>
madvise(0x7c2078b00000, 1048576, MADV_NOHUGEPAGE) = 0 <0.000114>
mmap(NULL, 65536, PROT_READ|PROT_WRITE, MAP_PRIVATE|MAP_ANONYMOUS, -1, 0) = 0x7c20bf441000 <0.000134>
mmap(NULL, 65536, PROT_READ|PROT_WRITE, MAP_PRIVATE|MAP_ANONYMOUS, -1, 0) = 0x7c20bf431000 <0.000074>
rt_sigprocmask(SIG_SETMASK, NULL, [], 8) = 0 <0.000114>
fcntl(0, F_GETFD)                       = 0 <0.000115>
fcntl(1, F_GETFD)                       = 0 <0.000114>
fcntl(2, F_GETFD)                       = 0 <0.000115>
sigaltstack(NULL, {ss_sp=NULL, ss_flags=SS_DISABLE, ss_size=0}) = 0 <0.000114>
sigaltstack({ss_sp=0xc000008000, ss_flags=0, ss_size=32768}, NULL) = 0 <0.000113>
rt_sigprocmask(SIG_SETMASK, [], NULL, 8) = 0 <0.000115>
gettid()                                = 33338 <0.000324>
rt_sigaction(SIGHUP, NULL, {sa_handler=SIG_DFL, sa_mask=[], sa_flags=0}, 8) = 0 <0.000113>
rt_sigaction(SIGHUP, {sa_handler=0x46d320, sa_mask=~[], sa_flags=SA_RESTORER|SA_ONSTACK|SA_RESTART|SA_SIGINFO, sa_restorer=0x46d460}, NULL, 8) = 0 <0.000112>
rt_sigaction(SIGINT, NULL, {sa_handler=SIG_DFL, sa_mask=[], sa_flags=0}, 8) = 0 <0.000121>
rt_sigaction(SIGINT, {sa_handler=0x46d320, sa_mask=~[], sa_flags=SA_RESTORER|SA_ONSTACK|SA_RESTART|SA_SIGINFO, sa_restorer=0x46d460}, NULL, 8) = 0 <0.000080>
rt_sigaction(SIGQUIT, NULL, {sa_handler=SIG_DFL, sa_mask=[], sa_flags=0}, 8) = 0 <0.000080>
rt_sigaction(SIGQUIT, {sa_handler=0x46d320, sa_mask=~[], sa_flags=SA_RESTORER|SA_ONSTACK|SA_RESTART|SA_SIGINFO, sa_restorer=0x46d460}, NULL, 8) = 0 <0.000079>
rt_sigaction(SIGILL, NULL, {sa_handler=SIG_DFL, sa_mask=[], sa_flags=0}, 8) = 0 <0.000079>
rt_sigaction(SIGILL, {sa_handler=0x46d320, sa_mask=~[], sa_flags=SA_RESTORER|SA_ONSTACK|SA_RESTART|SA_SIGINFO, sa_restorer=0x46d460}, NULL, 8) = 0 <0.000080>
rt_sigaction(SIGTRAP, NULL, {sa_handler=SIG_DFL, sa_mask=[], sa_flags=0}, 8) = 0 <0.000105>
rt_sigaction(SIGTRAP, {sa_handler=0x46d320, sa_mask=~[], sa_flags=SA_RESTORER|SA_ONSTACK|SA_RESTART|SA_SIGINFO, sa_restorer=0x46d460}, NULL, 8) = 0 <0.000101>
rt_sigaction(SIGABRT, NULL, {sa_handler=SIG_DFL, sa_mask=[], sa_flags=0}, 8) = 0 <0.000100>
rt_sigaction(SIGABRT, {sa_handler=0x46d320, sa_mask=~[], sa_flags=SA_RESTORER|SA_ONSTACK|SA_RESTART|SA_SIGINFO, sa_restorer=0x46d460}, NULL, 8) = 0 <0.000100>
rt_sigaction(SIGBUS, NULL, {sa_handler=SIG_DFL, sa_mask=[], sa_flags=0}, 8) = 0 <0.000122>
rt_sigaction(SIGBUS, {sa_handler=0x46d320, sa_mask=~[], sa_flags=SA_RESTORER|SA_ONSTACK|SA_RESTART|SA_SIGINFO, sa_restorer=0x46d460}, NULL, 8) = 0 <0.000120>
rt_sigaction(SIGFPE, NULL, {sa_handler=SIG_DFL, sa_mask=[], sa_flags=0}, 8) = 0 <0.000118>
rt_sigaction(SIGFPE, {sa_handler=0x46d320, sa_mask=~[], sa_flags=SA_RESTORER|SA_ONSTACK|SA_RESTART|SA_SIGINFO, sa_restorer=0x46d460}, NULL, 8) = 0 <0.000118>
rt_sigaction(SIGUSR1, NULL, {sa_handler=SIG_DFL, sa_mask=[], sa_flags=0}, 8) = 0 <0.000118>
rt_sigaction(SIGUSR1, {sa_handler=0x46d320, sa_mask=~[], sa_flags=SA_RESTORER|SA_ONSTACK|SA_RESTART|SA_SIGINFO, sa_restorer=0x46d460}, NULL, 8) = 0 <0.000119>
rt_sigaction(SIGSEGV, NULL, {sa_handler=SIG_DFL, sa_mask=[], sa_flags=0}, 8) = 0 <0.000117>
rt_sigaction(SIGSEGV, {sa_handler=0x46d320, sa_mask=~[], sa_flags=SA_RESTORER|SA_ONSTACK|SA_RESTART|SA_SIGINFO, sa_restorer=0x46d460}, NULL, 8) = 0 <0.000118>
rt_sigaction(SIGUSR2, NULL, {sa_handler=SIG_DFL, sa_mask=[], sa_flags=0}, 8) = 0 <0.000120>
rt_sigaction(SIGUSR2, {sa_handler=0x46d320, sa_mask=~[], sa_flags=SA_RESTORER|SA_ONSTACK|SA_RESTART|SA_SIGINFO, sa_restorer=0x46d460}, NULL, 8) = 0 <0.000121>
rt_sigaction(SIGPIPE, NULL, {sa_handler=SIG_DFL, sa_mask=[], sa_flags=0}, 8) = 0 <0.000120>
rt_sigaction(SIGPIPE, {sa_handler=0x46d320, sa_mask=~[], sa_flags=SA_RESTORER|SA_ONSTACK|SA_RESTART|SA_SIGINFO, sa_restorer=0x46d460}, NULL, 8) = 0 <0.000158>
rt_sigaction(SIGALRM, NULL, {sa_handler=SIG_DFL, sa_mask=[], sa_flags=0}, 8) = 0 <0.000119>
rt_sigaction(SIGALRM, {sa_handler=0x46d320, sa_mask=~[], sa_flags=SA_RESTORER|SA_ONSTACK|SA_RESTART|SA_SIGINFO, sa_restorer=0x46d460}, NULL, 8) = 0 <0.000120>
rt_sigaction(SIGTERM, NULL, {sa_handler=SIG_DFL, sa_mask=[], sa_flags=0}, 8) = 0 <0.000118>
rt_sigaction(SIGTERM, {sa_handler=0x46d320, sa_mask=~[], sa_flags=SA_RESTORER|SA_ONSTACK|SA_RESTART|SA_SIGINFO, sa_restorer=0x46d460}, NULL, 8) = 0 <0.000118>
rt_sigaction(SIGSTKFLT, NULL, {sa_handler=SIG_DFL, sa_mask=[], sa_flags=0}, 8) = 0 <0.000118>
rt_sigaction(SIGSTKFLT, {sa_handler=0x46d320, sa_mask=~[], sa_flags=SA_RESTORER|SA_ONSTACK|SA_RESTART|SA_SIGINFO, sa_restorer=0x46d460}, NULL, 8) = 0 <0.000120>
rt_sigaction(SIGCHLD, NULL, {sa_handler=SIG_DFL, sa_mask=[], sa_flags=0}, 8) = 0 <0.000119>
rt_sigaction(SIGCHLD, {sa_handler=0x46d320, sa_mask=~[], sa_flags=SA_RESTORER|SA_ONSTACK|SA_RESTART|SA_SIGINFO, sa_restorer=0x46d460}, NULL, 8) = 0 <0.000121>
rt_sigaction(SIGURG, NULL, {sa_handler=SIG_DFL, sa_mask=[], sa_flags=0}, 8) = 0 <0.000118>
rt_sigaction(SIGURG, {sa_handler=0x46d320, sa_mask=~[], sa_flags=SA_RESTORER|SA_ONSTACK|SA_RESTART|SA_SIGINFO, sa_restorer=0x46d460}, NULL, 8) = 0 <0.000119>
rt_sigaction(SIGXCPU, NULL, {sa_handler=SIG_DFL, sa_mask=[], sa_flags=0}, 8) = 0 <0.000118>
rt_sigaction(SIGXCPU, {sa_handler=0x46d320, sa_mask=~[], sa_flags=SA_RESTORER|SA_ONSTACK|SA_RESTART|SA_SIGINFO, sa_restorer=0x46d460}, NULL, 8) = 0 <0.000086>
rt_sigaction(SIGXFSZ, NULL, {sa_handler=SIG_DFL, sa_mask=[], sa_flags=0}, 8) = 0 <0.000119>
rt_sigaction(SIGXFSZ, {sa_handler=0x46d320, sa_mask=~[], sa_flags=SA_RESTORER|SA_ONSTACK|SA_RESTART|SA_SIGINFO, sa_restorer=0x46d460}, NULL, 8) = 0 <0.000118>
rt_sigaction(SIGVTALRM, NULL, {sa_handler=SIG_DFL, sa_mask=[], sa_flags=0}, 8) = 0 <0.000119>
rt_sigaction(SIGVTALRM, {sa_handler=0x46d320, sa_mask=~[], sa_flags=SA_RESTORER|SA_ONSTACK|SA_RESTART|SA_SIGINFO, sa_restorer=0x46d460}, NULL, 8) = 0 <0.000086>
rt_sigaction(SIGPROF, NULL, {sa_handler=SIG_DFL, sa_mask=[], sa_flags=0}, 8) = 0 <0.000118>
rt_sigaction(SIGPROF, {sa_handler=0x46d320, sa_mask=~[], sa_flags=SA_RESTORER|SA_ONSTACK|SA_RESTART|SA_SIGINFO, sa_restorer=0x46d460}, NULL, 8) = 0 <0.000121>
rt_sigaction(SIGWINCH, NULL, {sa_handler=SIG_DFL, sa_mask=[], sa_flags=0}, 8) = 0 <0.000119>
rt_sigaction(SIGWINCH, {sa_handler=0x46d320, sa_mask=~[], sa_flags=SA_RESTORER|SA_ONSTACK|SA_RESTART|SA_SIGINFO, sa_restorer=0x46d460}, NULL, 8) = 0 <0.000120>
rt_sigaction(SIGIO, NULL, {sa_handler=SIG_DFL, sa_mask=[], sa_flags=0}, 8) = 0 <0.000119>
rt_sigaction(SIGIO, {sa_handler=0x46d320, sa_mask=~[], sa_flags=SA_RESTORER|SA_ONSTACK|SA_RESTART|SA_SIGINFO, sa_restorer=0x46d460}, NULL, 8) = 0 <0.000117>
rt_sigaction(SIGPWR, NULL, {sa_handler=SIG_DFL, sa_mask=[], sa_flags=0}, 8) = 0 <0.000119>
rt_sigaction(SIGPWR, {sa_handler=0x46d320, sa_mask=~[], sa_flags=SA_RESTORER|SA_ONSTACK|SA_RESTART|SA_SIGINFO, sa_restorer=0x46d460}, NULL, 8) = 0 <0.000086>
rt_sigaction(SIGSYS, NULL, {sa_handler=SIG_DFL, sa_mask=[], sa_flags=0}, 8) = 0 <0.000117>
rt_sigaction(SIGSYS, {sa_handler=0x46d320, sa_mask=~[], sa_flags=SA_RESTORER|SA_ONSTACK|SA_RESTART|SA_SIGINFO, sa_restorer=0x46d460}, NULL, 8) = 0 <0.000118>
rt_sigaction(SIGRTMIN, NULL, {sa_handler=SIG_DFL, sa_mask=[], sa_flags=0}, 8) = 0 <0.000118>
rt_sigaction(SIGRT_1, NULL, {sa_handler=SIG_DFL, sa_mask=[], sa_flags=0}, 8) = 0 <0.000121>
rt_sigaction(SIGRT_1, {sa_handler=0x46d320, sa_mask=~[], sa_flags=SA_RESTORER|SA_ONSTACK|SA_RESTART|SA_SIGINFO, sa_restorer=0x46d460}, NULL, 8) = 0 <0.000118>
rt_sigaction(SIGRT_2, NULL, {sa_handler=SIG_DFL, sa_mask=[], sa_flags=0}, 8) = 0 <0.000118>
rt_sigaction(SIGRT_3, NULL, {sa_handler=SIG_DFL, sa_mask=[], sa_flags=0}, 8) = 0 <0.000118>
rt_sigaction(SIGRT_3, {sa_handler=0x46d320, sa_mask=~[], sa_flags=SA_RESTORER|SA_ONSTACK|SA_RESTART|SA_SIGINFO, sa_restorer=0x46d460}, NULL, 8) = 0 <0.000084>
rt_sigaction(SIGRT_4, NULL, {sa_handler=SIG_DFL, sa_mask=[], sa_flags=0}, 8) = 0 <0.000117>
rt_sigaction(SIGRT_4, {sa_handler=0x46d320, sa_mask=~[], sa_flags=SA_RESTORER|SA_ONSTACK|SA_RESTART|SA_SIGINFO, sa_restorer=0x46d460}, NULL, 8) = 0 <0.000118>
rt_sigaction(SIGRT_5, NULL, {sa_handler=SIG_DFL, sa_mask=[], sa_flags=0}, 8) = 0 <0.000120>
rt_sigaction(SIGRT_5, {sa_handler=0x46d320, sa_mask=~[], sa_flags=SA_RESTORER|SA_ONSTACK|SA_RESTART|SA_SIGINFO, sa_restorer=0x46d460}, NULL, 8) = 0 <0.000130>
rt_sigaction(SIGRT_6, NULL, {sa_handler=SIG_DFL, sa_mask=[], sa_flags=0}, 8) = 0 <0.000119>
rt_sigaction(SIGRT_6, {sa_handler=0x46d320, sa_mask=~[], sa_flags=SA_RESTORER|SA_ONSTACK|SA_RESTART|SA_SIGINFO, sa_restorer=0x46d460}, NULL, 8) = 0 <0.000118>
rt_sigaction(SIGRT_7, NULL, {sa_handler=SIG_DFL, sa_mask=[], sa_flags=0}, 8) = 0 <0.000119>
rt_sigaction(SIGRT_7, {sa_handler=0x46d320, sa_mask=~[], sa_flags=SA_RESTORER|SA_ONSTACK|SA_RESTART|SA_SIGINFO, sa_restorer=0x46d460}, NULL, 8) = 0 <0.000084>
rt_sigaction(SIGRT_8, NULL, {sa_handler=SIG_DFL, sa_mask=[], sa_flags=0}, 8) = 0 <0.000118>
rt_sigaction(SIGRT_8, {sa_handler=0x46d320, sa_mask=~[], sa_flags=SA_RESTORER|SA_ONSTACK|SA_RESTART|SA_SIGINFO, sa_restorer=0x46d460}, NULL, 8) = 0 <0.000118>
rt_sigaction(SIGRT_9, NULL, {sa_handler=SIG_DFL, sa_mask=[], sa_flags=0}, 8) = 0 <0.000120>
rt_sigaction(SIGRT_9, {sa_handler=0x46d320, sa_mask=~[], sa_flags=SA_RESTORER|SA_ONSTACK|SA_RESTART|SA_SIGINFO, sa_restorer=0x46d460}, NULL, 8) = 0 <0.000086>
rt_sigaction(SIGRT_10, NULL, {sa_handler=SIG_DFL, sa_mask=[], sa_flags=0}, 8) = 0 <0.000118>
rt_sigaction(SIGRT_10, {sa_handler=0x46d320, sa_mask=~[], sa_flags=SA_RESTORER|SA_ONSTACK|SA_RESTART|SA_SIGINFO, sa_restorer=0x46d460}, NULL, 8) = 0 <0.000119>
rt_sigaction(SIGRT_11, NULL, {sa_handler=SIG_DFL, sa_mask=[], sa_flags=0}, 8) = 0 <0.000118>
rt_sigaction(SIGRT_11, {sa_handler=0x46d320, sa_mask=~[], sa_flags=SA_RESTORER|SA_ONSTACK|SA_RESTART|SA_SIGINFO, sa_restorer=0x46d460}, NULL, 8) = 0 <0.000085>
rt_sigaction(SIGRT_12, NULL, {sa_handler=SIG_DFL, sa_mask=[], sa_flags=0}, 8) = 0 <0.000119>
rt_sigaction(SIGRT_12, {sa_handler=0x46d320, sa_mask=~[], sa_flags=SA_RESTORER|SA_ONSTACK|SA_RESTART|SA_SIGINFO, sa_restorer=0x46d460}, NULL, 8) = 0 <0.000121>
rt_sigaction(SIGRT_13, NULL, {sa_handler=SIG_DFL, sa_mask=[], sa_flags=0}, 8) = 0 <0.000119>
rt_sigaction(SIGRT_13, {sa_handler=0x46d320, sa_mask=~[], sa_flags=SA_RESTORER|SA_ONSTACK|SA_RESTART|SA_SIGINFO, sa_restorer=0x46d460}, NULL, 8) = 0 <0.000128>
rt_sigaction(SIGRT_14, NULL, {sa_handler=SIG_DFL, sa_mask=[], sa_flags=0}, 8) = 0 <0.000118>
rt_sigaction(SIGRT_14, {sa_handler=0x46d320, sa_mask=~[], sa_flags=SA_RESTORER|SA_ONSTACK|SA_RESTART|SA_SIGINFO, sa_restorer=0x46d460}, NULL, 8) = 0 <0.000118>
rt_sigaction(SIGRT_15, NULL, {sa_handler=SIG_DFL, sa_mask=[], sa_flags=0}, 8) = 0 <0.000120>
rt_sigaction(SIGRT_15, {sa_handler=0x46d320, sa_mask=~[], sa_flags=SA_RESTORER|SA_ONSTACK|SA_RESTART|SA_SIGINFO, sa_restorer=0x46d460}, NULL, 8) = 0 <0.000084>
rt_sigaction(SIGRT_16, NULL, {sa_handler=SIG_DFL, sa_mask=[], sa_flags=0}, 8) = 0 <0.000120>
rt_sigaction(SIGRT_16, {sa_handler=0x46d320, sa_mask=~[], sa_flags=SA_RESTORER|SA_ONSTACK|SA_RESTART|SA_SIGINFO, sa_restorer=0x46d460}, NULL, 8) = 0 <0.000118>
rt_sigaction(SIGRT_17, NULL, {sa_handler=SIG_DFL, sa_mask=[], sa_flags=0}, 8) = 0 <0.000118>
rt_sigaction(SIGRT_17, {sa_handler=0x46d320, sa_mask=~[], sa_flags=SA_RESTORER|SA_ONSTACK|SA_RESTART|SA_SIGINFO, sa_restorer=0x46d460}, NULL, 8) = 0 <0.000083>
rt_sigaction(SIGRT_18, NULL, {sa_handler=SIG_DFL, sa_mask=[], sa_flags=0}, 8) = 0 <0.000120>
rt_sigaction(SIGRT_18, {sa_handler=0x46d320, sa_mask=~[], sa_flags=SA_RESTORER|SA_ONSTACK|SA_RESTART|SA_SIGINFO, sa_restorer=0x46d460}, NULL, 8) = 0 <0.000119>
rt_sigaction(SIGRT_19, NULL, {sa_handler=SIG_DFL, sa_mask=[], sa_flags=0}, 8) = 0 <0.000119>
rt_sigaction(SIGRT_19, {sa_handler=0x46d320, sa_mask=~[], sa_flags=SA_RESTORER|SA_ONSTACK|SA_RESTART|SA_SIGINFO, sa_restorer=0x46d460}, NULL, 8) = 0 <0.000456>
rt_sigaction(SIGRT_20, NULL, {sa_handler=SIG_DFL, sa_mask=[], sa_flags=0}, 8) = 0 <0.000100>
rt_sigaction(SIGRT_20, {sa_handler=0x46d320, sa_mask=~[], sa_flags=SA_RESTORER|SA_ONSTACK|SA_RESTART|SA_SIGINFO, sa_restorer=0x46d460}, NULL, 8) = 0 <0.000099>
rt_sigaction(SIGRT_21, NULL, {sa_handler=SIG_DFL, sa_mask=[], sa_flags=0}, 8) = 0 <0.000121>
rt_sigaction(SIGRT_21, {sa_handler=0x46d320, sa_mask=~[], sa_flags=SA_RESTORER|SA_ONSTACK|SA_RESTART|SA_SIGINFO, sa_restorer=0x46d460}, NULL, 8) = 0 <0.000118>
rt_sigaction(SIGRT_22, NULL, {sa_handler=SIG_DFL, sa_mask=[], sa_flags=0}, 8) = 0 <0.000118>
rt_sigaction(SIGRT_22, {sa_handler=0x46d320, sa_mask=~[], sa_flags=SA_RESTORER|SA_ONSTACK|SA_RESTART|SA_SIGINFO, sa_restorer=0x46d460}, NULL, 8) = 0 <0.000085>
rt_sigaction(SIGRT_23, NULL, {sa_handler=SIG_DFL, sa_mask=[], sa_flags=0}, 8) = 0 <0.000118>
rt_sigaction(SIGRT_23, {sa_handler=0x46d320, sa_mask=~[], sa_flags=SA_RESTORER|SA_ONSTACK|SA_RESTART|SA_SIGINFO, sa_restorer=0x46d460}, NULL, 8) = 0 <0.000120>
rt_sigaction(SIGRT_24, NULL, {sa_handler=SIG_DFL, sa_mask=[], sa_flags=0}, 8) = 0 <0.000119>
rt_sigaction(SIGRT_24, {sa_handler=0x46d320, sa_mask=~[], sa_flags=SA_RESTORER|SA_ONSTACK|SA_RESTART|SA_SIGINFO, sa_restorer=0x46d460}, NULL, 8) = 0 <0.000118>
rt_sigaction(SIGRT_25, NULL, {sa_handler=SIG_DFL, sa_mask=[], sa_flags=0}, 8) = 0 <0.000120>
rt_sigaction(SIGRT_25, {sa_handler=0x46d320, sa_mask=~[], sa_flags=SA_RESTORER|SA_ONSTACK|SA_RESTART|SA_SIGINFO, sa_restorer=0x46d460}, NULL, 8) = 0 <0.000115>
rt_sigaction(SIGRT_26, NULL, {sa_handler=SIG_DFL, sa_mask=[], sa_flags=0}, 8) = 0 <0.000120>
rt_sigaction(SIGRT_26, {sa_handler=0x46d320, sa_mask=~[], sa_flags=SA_RESTORER|SA_ONSTACK|SA_RESTART|SA_SIGINFO, sa_restorer=0x46d460}, NULL, 8) = 0 <0.000086>
rt_sigaction(SIGRT_27, NULL, {sa_handler=SIG_DFL, sa_mask=[], sa_flags=0}, 8) = 0 <0.000120>
rt_sigaction(SIGRT_27, {sa_handler=0x46d320, sa_mask=~[], sa_flags=SA_RESTORER|SA_ONSTACK|SA_RESTART|SA_SIGINFO, sa_restorer=0x46d460}, NULL, 8) = 0 <0.000119>
rt_sigaction(SIGRT_28, NULL, {sa_handler=SIG_DFL, sa_mask=[], sa_flags=0}, 8) = 0 <0.000119>
rt_sigaction(SIGRT_28, {sa_handler=0x46d320, sa_mask=~[], sa_flags=SA_RESTORER|SA_ONSTACK|SA_RESTART|SA_SIGINFO, sa_restorer=0x46d460}, NULL, 8) = 0 <0.000122>
rt_sigaction(SIGRT_29, NULL, {sa_handler=SIG_DFL, sa_mask=[], sa_flags=0}, 8) = 0 <0.000119>
rt_sigaction(SIGRT_29, {sa_handler=0x46d320, sa_mask=~[], sa_flags=SA_RESTORER|SA_ONSTACK|SA_RESTART|SA_SIGINFO, sa_restorer=0x46d460}, NULL, 8) = 0 <0.000120>
rt_sigaction(SIGRT_30, NULL, {sa_handler=SIG_DFL, sa_mask=[], sa_flags=0}, 8) = 0 <0.000120>
rt_sigaction(SIGRT_30, {sa_handler=0x46d320, sa_mask=~[], sa_flags=SA_RESTORER|SA_ONSTACK|SA_RESTART|SA_SIGINFO, sa_restorer=0x46d460}, NULL, 8) = 0 <0.000085>
rt_sigaction(SIGRT_31, NULL, {sa_handler=SIG_DFL, sa_mask=[], sa_flags=0}, 8) = 0 <0.000120>
rt_sigaction(SIGRT_31, {sa_handler=0x46d320, sa_mask=~[], sa_flags=SA_RESTORER|SA_ONSTACK|SA_RESTART|SA_SIGINFO, sa_restorer=0x46d460}, NULL, 8) = 0 <0.000121>
rt_sigaction(SIGRT_32, NULL, {sa_handler=SIG_DFL, sa_mask=[], sa_flags=0}, 8) = 0 <0.000118>
rt_sigaction(SIGRT_32, {sa_handler=0x46d320, sa_mask=~[], sa_flags=SA_RESTORER|SA_ONSTACK|SA_RESTART|SA_SIGINFO, sa_restorer=0x46d460}, NULL, 8) = 0 <0.000085>
rt_sigprocmask(SIG_SETMASK, ~[], [], 8) = 0 <0.000119>
clone(child_stack=0xc000026000, flags=CLONE_VM|CLONE_FS|CLONE_FILES|CLONE_SIGHAND|CLONE_THREAD|CLONE_SYSVSEM|CLONE_SETTLS, tls=0xc000044098) = 33339 <0.000198>
rt_sigprocmask(SIG_SETMASK, [], NULL, 8) = 0 <0.000064>
--- SIGURG {si_signo=SIGURG, si_code=SI_TKILL, si_pid=33338, si_uid=1000} ---
rt_sigreturn({mask=[]})                 = 0 <0.000101>
--- SIGURG {si_signo=SIGURG, si_code=SI_TKILL, si_pid=33338, si_uid=1000} ---
rt_sigreturn({mask=[]})                 = 0 <0.000158>
--- SIGURG {si_signo=SIGURG, si_code=SI_TKILL, si_pid=33338, si_uid=1000} ---
rt_sigreturn({mask=[]})                 = 0 <0.000066>
--- SIGURG {si_signo=SIGURG, si_code=SI_TKILL, si_pid=33338, si_uid=1000} ---
rt_sigreturn({mask=[]})                 = 0 <0.000099>
--- SIGURG {si_signo=SIGURG, si_code=SI_TKILL, si_pid=33338, si_uid=1000} ---
rt_sigreturn({mask=[]})                 = 0 <0.000078>
--- SIGURG {si_signo=SIGURG, si_code=SI_TKILL, si_pid=33338, si_uid=1000} ---
rt_sigreturn({mask=[]})                 = 0 <0.000096>
--- SIGURG {si_signo=SIGURG, si_code=SI_TKILL, si_pid=33338, si_uid=1000} ---
rt_sigreturn({mask=[]})                 = 0 <0.000165>
--- SIGURG {si_signo=SIGURG, si_code=SI_TKILL, si_pid=33338, si_uid=1000} ---
rt_sigreturn({mask=[]})                 = 0 <0.000142>
--- SIGURG {si_signo=SIGURG, si_code=SI_TKILL, si_pid=33338, si_uid=1000} ---
rt_sigreturn({mask=[]})                 = 0 <0.000100>
--- SIGURG {si_signo=SIGURG, si_code=SI_TKILL, si_pid=33338, si_uid=1000} ---
rt_sigreturn({mask=[]})                 = 0 <0.000097>
--- SIGURG {si_signo=SIGURG, si_code=SI_TKILL, si_pid=33338, si_uid=1000} ---
rt_sigreturn({mask=[]})                 = 0 <0.000140>
--- SIGURG {si_signo=SIGURG, si_code=SI_TKILL, si_pid=33338, si_uid=1000} ---
rt_sigreturn({mask=[]})                 = 0 <0.000087>
--- SIGURG {si_signo=SIGURG, si_code=SI_TKILL, si_pid=33338, si_uid=1000} ---
rt_sigreturn({mask=[]})                 = 0 <0.000147>
--- SIGURG {si_signo=SIGURG, si_code=SI_TKILL, si_pid=33338, si_uid=1000} ---
rt_sigreturn({mask=[]})                 = 0 <0.000099>
--- SIGURG {si_signo=SIGURG, si_code=SI_TKILL, si_pid=33338, si_uid=1000} ---
rt_sigreturn({mask=[]})                 = 0 <0.000140>
--- SIGURG {si_signo=SIGURG, si_code=SI_TKILL, si_pid=33338, si_uid=1000} ---
rt_sigreturn({mask=[]})                 = 0 <0.000099>
--- SIGURG {si_signo=SIGURG, si_code=SI_TKILL, si_pid=33338, si_uid=1000} ---
rt_sigreturn({mask=[]})                 = 0 <0.000159>
--- SIGURG {si_signo=SIGURG, si_code=SI_TKILL, si_pid=33338, si_uid=1000} ---
rt_sigreturn({mask=[]})                 = 0 <0.000166>
--- SIGURG {si_signo=SIGURG, si_code=SI_TKILL, si_pid=33338, si_uid=1000} ---
rt_sigreturn({mask=[]})                 = 0 <0.000089>
--- SIGURG {si_signo=SIGURG, si_code=SI_TKILL, si_pid=33338, si_uid=1000} ---
rt_sigreturn({mask=[]})                 = 0 <0.000268>
--- SIGURG {si_signo=SIGURG, si_code=SI_TKILL, si_pid=33338, si_uid=1000} ---
rt_sigreturn({mask=[]})                 = 0 <0.000160>
--- SIGURG {si_signo=SIGURG, si_code=SI_TKILL, si_pid=33338, si_uid=1000} ---
rt_sigreturn({mask=[]})                 = 0 <0.000129>
--- SIGURG {si_signo=SIGURG, si_code=SI_TKILL, si_pid=33338, si_uid=1000} ---
rt_sigreturn({mask=[]})                 = 0 <0.000117>
--- SIGURG {si_signo=SIGURG, si_code=SI_TKILL, si_pid=33338, si_uid=1000} ---
rt_sigreturn({mask=[]})                 = 0 <0.000113>
rt_sigprocmask(SIG_SETMASK, ~[], [], 8) = 0 <0.000113>
clone(child_stack=0xc000060000, flags=CLONE_VM|CLONE_FS|CLONE_FILES|CLONE_SIGHAND|CLONE_THREAD|CLONE_SYSVSEM|CLONE_SETTLS, tls=0xc000044798) = 33340 <0.000141>
rt_sigprocmask(SIG_SETMASK, [], NULL, 8) = 0 <0.000133>
futex(0xc000044848, FUTEX_WAKE_PRIVATE, 1) = 1 <0.000139>
mmap(NULL, 262144, PROT_READ|PROT_WRITE, MAP_PRIVATE|MAP_ANONYMOUS, -1, 0) = 0x7c2078ac0000 <0.000179>
futex(0xc000044848, FUTEX_WAKE_PRIVATE, 1) = 1 <0.000136>
futex(0xc000044848, FUTEX_WAKE_PRIVATE, 1) = 1 <0.000118>
rt_sigprocmask(SIG_SETMASK, ~[], [], 8) = 0 <0.000104>
clone(child_stack=0xc00005c000, flags=CLONE_VM|CLONE_FS|CLONE_FILES|CLONE_SIGHAND|CLONE_THREAD|CLONE_SYSVSEM|CLONE_SETTLS, tls=0xc00008a098) = 33341 <0.000202>
rt_sigprocmask(SIG_SETMASK, [], NULL, 8) = 0 <0.000156>
getrlimit(RLIMIT_NOFILE, {rlim_cur=1024, rlim_max=1073741816}) = 0 <0.000105>
setrlimit(RLIMIT_NOFILE, {rlim_cur=1073741816, rlim_max=1073741816}) = 0 <0.000111>
fcntl(0, F_GETFL)                       = 0x2 (flags O_RDWR) <0.000145>
futex(0xc00008a148, FUTEX_WAKE_PRIVATE, 1) = 1 <0.000123>
mmap(NULL, 262144, PROT_READ|PROT_WRITE, MAP_PRIVATE|MAP_ANONYMOUS, -1, 0) = 0x7c2078a80000 <0.000268>
fcntl(1, F_GETFL)                       = 0x2 (flags O_RDWR) <0.000101>
fcntl(2, F_GETFL)                       = 0x2 (flags O_RDWR) <0.000099>
write(1, "Hello world\n", 12)           = 12 <0.000113>
exit_group(0)                           = ?
+++ exited with 0 +++
